# JRE version: OpenJDK Runtime Environment (8.0_202-b03) (build 1.8.0_202-release-1483-b03)
# Java VM: OpenJDK 64-Bit Server VM (25.202-b03 mixed mode windows-amd64 compressed oops)
Heap:
 PSYoungGen      total 349184K, used 50830K [0x00000000e0000000, 0x00000000fbc80000, 0x0000000100000000)
  eden space 320000K, 15% used [0x00000000e0000000,0x00000000e31a3900,0x00000000f3880000)
  from space 29184K, 0% used [0x00000000f3880000,0x00000000f3880000,0x00000000f5500000)
  to   space 31232K, 0% used [0x00000000f9e00000,0x00000000f9e00000,0x00000000fbc80000)
 ParOldGen       total 114688K, used 58941K [0x00000000a0000000, 0x00000000a7000000, 0x00000000e0000000)
  object space 114688K, 51% used [0x00000000a0000000,0x00000000a398f448,0x00000000a7000000)
 Metaspace       used 95641K, capacity 99326K, committed 100184K, reserved 1136640K
  class space    used 12665K, capacity 13457K, committed 13696K, reserved 1048576K
GC Heap History (10 events):
Event: 18.861 GC heap before
{Heap before GC invocations=13 (full 3):
 PSYoungGen      total 271360K, used 18407K [0x00000000e0000000, 0x00000000f2180000, 0x0000000100000000)
  eden space 252928K, 0% used [0x00000000e0000000,0x00000000e0000000,0x00000000ef700000)
  from space 18432K, 99% used [0x00000000f0f80000,0x00000000f2179c98,0x00000000f2180000)
  to   space 20992K, 0% used [0x00000000ef880000,0x00000000ef880000,0x00000000f0d00000)
 ParOldGen       total 77824K, used 24322K [0x00000000a0000000, 0x00000000a4c00000, 0x00000000e0000000)
  object space 77824K, 31% used [0x00000000a0000000,0x00000000a17c0a08,0x00000000a4c00000)
 Metaspace       used 57289K, capacity 58946K, committed 59028K, reserved 1099776K
  class space    used 7788K, capacity 8192K, committed 8192K, reserved 1048576K
Event: 19.120 GC heap after
Heap after GC invocations=13 (full 3):
 PSYoungGen      total 271360K, used 0K [0x00000000e0000000, 0x00000000f2180000, 0x0000000100000000)
  eden space 252928K, 0% used [0x00000000e0000000,0x00000000e0000000,0x00000000ef700000)
  from space 18432K, 0% used [0x00000000f0f80000,0x00000000f0f80000,0x00000000f2180000)
  to   space 20992K, 0% used [0x00000000ef880000,0x00000000ef880000,0x00000000f0d00000)
 ParOldGen       total 114688K, used 31913K [0x00000000a0000000, 0x00000000a7000000, 0x00000000e0000000)
  object space 114688K, 27% used [0x00000000a0000000,0x00000000a1f2a4d8,0x00000000a7000000)
 Metaspace       used 57233K, capacity 58810K, committed 59028K, reserved 1099776K
  class space    used 7773K, capacity 8164K, committed 8192K, reserved 1048576K
}
Event: 33.960 GC heap before
{Heap before GC invocations=14 (full 3):
 PSYoungGen      total 271360K, used 252928K [0x00000000e0000000, 0x00000000f2180000, 0x0000000100000000)
  eden space 252928K, 100% used [0x00000000e0000000,0x00000000ef700000,0x00000000ef700000)
  from space 18432K, 0% used [0x00000000f0f80000,0x00000000f0f80000,0x00000000f2180000)
  to   space 20992K, 0% used [0x00000000ef880000,0x00000000ef880000,0x00000000f0d00000)
 ParOldGen       total 114688K, used 31913K [0x00000000a0000000, 0x00000000a7000000, 0x00000000e0000000)
  object space 114688K, 27% used [0x00000000a0000000,0x00000000a1f2a4d8,0x00000000a7000000)
 Metaspace       used 74133K, capacity 76528K, committed 76760K, reserved 1116160K
  class space    used 9828K, capacity 10392K, committed 10496K, reserved 1048576K
Event: 34.055 GC heap after
Heap after GC invocations=14 (full 3):
 PSYoungGen      total 275456K, used 20963K [0x00000000e0000000, 0x00000000f7280000, 0x0000000100000000)
  eden space 254464K, 0% used [0x00000000e0000000,0x00000000e0000000,0x00000000ef880000)
  from space 20992K, 99% used [0x00000000ef880000,0x00000000f0cf8fa0,0x00000000f0d00000)
  to   space 26624K, 0% used [0x00000000f5880000,0x00000000f5880000,0x00000000f7280000)
 ParOldGen       total 114688K, used 38794K [0x00000000a0000000, 0x00000000a7000000, 0x00000000e0000000)
  object space 114688K, 33% used [0x00000000a0000000,0x00000000a25e2aa8,0x00000000a7000000)
 Metaspace       used 74133K, capacity 76528K, committed 76760K, reserved 1116160K
  class space    used 9828K, capacity 10392K, committed 10496K, reserved 1048576K
}
Event: 42.203 GC heap before
{Heap before GC invocations=15 (full 3):
 PSYoungGen      total 275456K, used 272750K [0x00000000e0000000, 0x00000000f7280000, 0x0000000100000000)
  eden space 254464K, 98% used [0x00000000e0000000,0x00000000ef5e2c18,0x00000000ef880000)
  from space 20992K, 99% used [0x00000000ef880000,0x00000000f0cf8fa0,0x00000000f0d00000)
  to   space 26624K, 0% used [0x00000000f5880000,0x00000000f5880000,0x00000000f7280000)
 ParOldGen       total 114688K, used 38794K [0x00000000a0000000, 0x00000000a7000000, 0x00000000e0000000)
  object space 114688K, 33% used [0x00000000a0000000,0x00000000a25e2aa8,0x00000000a7000000)
 Metaspace       used 83183K, capacity 85898K, committed 86104K, reserved 1124352K
  class space    used 10934K, capacity 11549K, committed 11648K, reserved 1048576K
Event: 42.234 GC heap after
Heap after GC invocations=15 (full 3):
 PSYoungGen      total 345600K, used 22447K [0x00000000e0000000, 0x00000000f7180000, 0x0000000100000000)
  eden space 320000K, 0% used [0x00000000e0000000,0x00000000e0000000,0x00000000f3880000)
  from space 25600K, 87% used [0x00000000f5880000,0x00000000f6e6bfd0,0x00000000f7180000)
  to   space 29184K, 0% used [0x00000000f3880000,0x00000000f3880000,0x00000000f5500000)
 ParOldGen       total 114688K, used 51509K [0x00000000a0000000, 0x00000000a7000000, 0x00000000e0000000)
  object space 114688K, 44% used [0x00000000a0000000,0x00000000a324d5f8,0x00000000a7000000)
 Metaspace       used 83183K, capacity 85898K, committed 86104K, reserved 1124352K
  class space    used 10934K, capacity 11549K, committed 11648K, reserved 1048576K
}
Event: 46.809 GC heap before
{Heap before GC invocations=16 (full 3):
 PSYoungGen      total 345600K, used 235495K [0x00000000e0000000, 0x00000000f7180000, 0x0000000100000000)
  eden space 320000K, 66% used [0x00000000e0000000,0x00000000ed00dd00,0x00000000f3880000)
  from space 25600K, 87% used [0x00000000f5880000,0x00000000f6e6bfd0,0x00000000f7180000)
  to   space 29184K, 0% used [0x00000000f3880000,0x00000000f3880000,0x00000000f5500000)
 ParOldGen       total 114688K, used 51509K [0x00000000a0000000, 0x00000000a7000000, 0x00000000e0000000)
  object space 114688K, 44% used [0x00000000a0000000,0x00000000a324d5f8,0x00000000a7000000)
 Metaspace       used 94320K, capacity 98286K, committed 98380K, reserved 1134592K
  class space    used 12471K, capacity 13301K, committed 13312K, reserved 1048576K
Event: 46.828 GC heap after
Heap after GC invocations=16 (full 3):
 PSYoungGen      total 349184K, used 23069K [0x00000000e0000000, 0x00000000fbc80000, 0x0000000100000000)
  eden space 320000K, 0% used [0x00000000e0000000,0x00000000e0000000,0x00000000f3880000)
  from space 29184K, 79% used [0x00000000f3880000,0x00000000f4f07728,0x00000000f5500000)
  to   space 31232K, 0% used [0x00000000f9e00000,0x00000000f9e00000,0x00000000fbc80000)
 ParOldGen       total 114688K, used 51525K [0x00000000a0000000, 0x00000000a7000000, 0x00000000e0000000)
  object space 114688K, 44% used [0x00000000a0000000,0x00000000a32515f8,0x00000000a7000000)
 Metaspace       used 94320K, capacity 98286K, committed 98380K, reserved 1134592K
  class space    used 12471K, capacity 13301K, committed 13312K, reserved 1048576K
}
Event: 46.828 GC heap before
{Heap before GC invocations=17 (full 4):
 PSYoungGen      total 349184K, used 23069K [0x00000000e0000000, 0x00000000fbc80000, 0x0000000100000000)
  eden space 320000K, 0% used [0x00000000e0000000,0x00000000e0000000,0x00000000f3880000)
  from space 29184K, 79% used [0x00000000f3880000,0x00000000f4f07728,0x00000000f5500000)
  to   space 31232K, 0% used [0x00000000f9e00000,0x00000000f9e00000,0x00000000fbc80000)
 ParOldGen       total 114688K, used 51525K [0x00000000a0000000, 0x00000000a7000000, 0x00000000e0000000)
  object space 114688K, 44% used [0x00000000a0000000,0x00000000a32515f8,0x00000000a7000000)
 Metaspace       used 94320K, capacity 98286K, committed 98380K, reserved 1134592K
  class space    used 12471K, capacity 13301K, committed 13312K, reserved 1048576K
Event: 47.105 GC heap after
Heap after GC invocations=17 (full 4):
 PSYoungGen      total 349184K, used 0K [0x00000000e0000000, 0x00000000fbc80000, 0x0000000100000000)
  eden space 320000K, 0% used [0x00000000e0000000,0x00000000e0000000,0x00000000f3880000)
  from space 29184K, 0% used [0x00000000f3880000,0x00000000f3880000,0x00000000f5500000)
  to   space 31232K, 0% used [0x00000000f9e00000,0x00000000f9e00000,0x00000000fbc80000)
 ParOldGen       total 114688K, used 58941K [0x00000000a0000000, 0x00000000a7000000, 0x00000000e0000000)
  object space 114688K, 51% used [0x00000000a0000000,0x00000000a398f448,0x00000000a7000000)
 Metaspace       used 93980K, capacity 97410K, committed 98380K, reserved 1134592K
  class space    used 12352K, capacity 13091K, committed 13312K, reserved 1048576K
}

